<?xml version="1.0" encoding="UTF-8"?>
<robot generator="Robot 7.3.2 (Python 3.13.5 on darwin)" generated="2025-07-14T17:46:09.675194" rpa="false" schemaversion="5">
<suite id="s1" name="Test" source="/Users/romeobajadajr/Documents/GitHub/web_automation_testing/TEST/test.robot">
<test id="s1-t1" name="Verify Website Availability" line="7">
<kw name="Open Browser" owner="SeleniumLibrary">
<msg time="2025-07-14T17:46:09.722434" level="INFO">Opening browser 'chrome' to base url 'https://automationintesting.online/'.</msg>
<arg>https://automationintesting.online/</arg>
<arg>chrome</arg>
<doc>Opens a new browser instance to the optional ``url``.</doc>
<status status="PASS" start="2025-07-14T17:46:09.722348" elapsed="2.803140"/>
</kw>
<kw name="Wait Until Element Is Visible" owner="SeleniumLibrary">
<arg>//*[@id="root-container"]/div/section[1]/div/div/div/a</arg>
<doc>Waits until the element ``locator`` is visible.</doc>
<status status="PASS" start="2025-07-14T17:46:12.525738" elapsed="0.641994"/>
</kw>
<kw name="Sleep" owner="BuiltIn">
<msg time="2025-07-14T17:46:23.170514" level="INFO">Slept 10 seconds.</msg>
<arg>10s</arg>
<doc>Pauses the test executed for the given time.</doc>
<status status="PASS" start="2025-07-14T17:46:13.167947" elapsed="10.003392"/>
</kw>
<status status="PASS" start="2025-07-14T17:46:09.721987" elapsed="13.450230"/>
</test>
<status status="PASS" start="2025-07-14T17:46:09.675609" elapsed="13.497615"/>
</suite>
<statistics>
<total>
<stat pass="1" fail="0" skip="0">All Tests</stat>
</total>
<tag>
</tag>
<suite>
<stat name="Test" id="s1" pass="1" fail="0" skip="0">Test</stat>
</suite>
</statistics>
<errors>
</errors>
</robot>
